<?xml version="1.0" encoding="UTF-8"?>
<!-- Generated by org.testng.reporters.JUnitXMLReporter -->
<testsuite ignored="0" hostname="DESKTOP-CBEIMMA" failures="0" tests="1" name="Dynamic Table Test" time="0.185" errors="0" timestamp="2023-10-29T18:07:59 IST">
  <testcase classname="com.webautomation.qa.testcases.DynamicTableTest" name="@BeforeClass setup" time="0.016">
    <failure type="java.lang.NullPointerException" message="Cannot invoke &amp;quot;String.equalsIgnoreCase(String)&amp;quot; because &amp;quot;browserName&amp;quot; is null">
      <![CDATA[java.lang.NullPointerException: Cannot invoke "String.equalsIgnoreCase(String)" because "browserName" is null
at com.webautomation.qa.base.Base.initializeBrowserAndOpenApplicationURL(Base.java:50)
at com.webautomation.qa.testcases.DynamicTableTest.setup(DynamicTableTest.java:36)
at java.base/java.util.ArrayList.forEach(ArrayList.java:1511)
... Removed 25 stack frames]]>
    </failure>
  </testcase> <!-- @BeforeClass setup -->
  <testcase classname="com.webautomation.qa.testcases.DynamicTableTest" name="@AfterClass tearDown" time="0.0">
    <skipped/>
  </testcase> <!-- @AfterClass tearDown -->
  <testcase classname="com.webautomation.qa.testcases.DynamicTableTest" name="enterDataAndAssert" time="0.0">
    <skipped/>
  </testcase> <!-- enterDataAndAssert -->
</testsuite> <!-- Dynamic Table Test -->
