<?xml version="1.0" encoding="UTF-8"?>
<!-- Generated by org.testng.reporters.JUnitXMLReporter -->
<testsuite ignored="0" hostname="DESKTOP-CBEIMMA" failures="1" tests="1" name="DynamicTableTest" time="0.139" errors="0" timestamp="2023-10-29T19:08:23 IST">
  <testcase classname="com.webautomation.qa.testcases.DynamicTableTest" name="enterDataAndAssert" time="0.026">
    <failure type="java.lang.NullPointerException" message="Cannot invoke &amp;quot;String.equalsIgnoreCase(String)&amp;quot; because &amp;quot;browserName&amp;quot; is null">
      <![CDATA[java.lang.NullPointerException: Cannot invoke "String.equalsIgnoreCase(String)" because "browserName" is null
at com.webautomation.qa.base.Base.initializeBrowserAndOpenApplicationURL(Base.java:50)
at com.webautomation.qa.testcases.DynamicTableTest.enterDataAndAssert(DynamicTableTest.java:50)
at java.base/java.util.ArrayList.forEach(ArrayList.java:1511)
... Removed 27 stack frames]]>
    </failure>
  </testcase> <!-- enterDataAndAssert -->
</testsuite> <!-- DynamicTableTest -->
