<?xml version="1.0" encoding="UTF-8"?>
<!-- Generated by org.testng.reporters.JUnitXMLReporter -->
<testsuite ignored="0" hostname="DESKTOP-CBEIMMA" failures="0" tests="1" name="Test" time="0.142" errors="0" timestamp="2023-10-29T06:14:21 IST">
  <testcase classname="com.webautomation.qa.testcases.DynamicTableTest" name="@BeforeTest setup" time="0.027">
    <failure type="java.lang.NullPointerException" message="Cannot invoke &amp;quot;String.equalsIgnoreCase(String)&amp;quot; because &amp;quot;browserName&amp;quot; is null">
      <![CDATA[java.lang.NullPointerException: Cannot invoke "String.equalsIgnoreCase(String)" because "browserName" is null
at com.webautomation.qa.base.Base.initializeBrowserAndOpenApplicationURL(Base.java:57)
at com.webautomation.qa.testcases.DynamicTableTest.setup(DynamicTableTest.java:37)
... Removed 24 stack frames]]>
    </failure>
  </testcase> <!-- @BeforeTest setup -->
  <testcase classname="com.webautomation.qa.testcases.DynamicTableTest" name="@AfterMethod tearDown" time="0.0">
    <skipped/>
  </testcase> <!-- @AfterMethod tearDown -->
  <testcase classname="com.webautomation.qa.testcases.DynamicTableTest" name="enterDataAndAssert" time="0.0">
    <skipped/>
  </testcase> <!-- enterDataAndAssert -->
</testsuite> <!-- Test -->
